-encoding
UTF-8
-outxml
-source
6
-target
6
-classpath
C:\Users\milan\.m2\repository\antlr\antlr\2.7.6\antlr-2.7.6.jar;C:\Users\milan\.m2\repository\aopalliance\aopalliance\1.0\aopalliance-1.0.jar;C:\Users\milan\.m2\repository\cglib\cglib-nodep\2.2.2\cglib-nodep-2.2.2.jar;C:\Users\milan\.m2\repository\com\google\gwt\gwt-servlet\2.4.0\gwt-servlet-2.4.0.jar;C:\Users\milan\.m2\repository\com\google\gwt\gwt-user\2.4.0\gwt-user-2.4.0.jar;C:\Users\milan\.m2\repository\com\google\gwt\inject\gin\1.5.0\gin-1.5.0.jar;C:\Users\milan\.m2\repository\com\google\inject\guice\3.0-rc2\guice-3.0-rc2.jar;C:\Users\milan\.m2\repository\com\google\inject\extensions\guice-assistedinject\3.0-rc2\guice-assistedinject-3.0-rc2.jar;C:\Users\milan\.m2\repository\commons-beanutils\commons-beanutils\1.8.3\commons-beanutils-1.8.3.jar;C:\Users\milan\.m2\repository\commons-codec\commons-codec\1.5\commons-codec-1.5.jar;C:\Users\milan\.m2\repository\commons-collections\commons-collections\3.2.1\commons-collections-3.2.1.jar;C:\Users\milan\.m2\repository\commons-dbcp\commons-dbcp\1.3\commons-dbcp-1.3.jar;C:\Users\milan\.m2\repository\commons-digester\commons-digester\2.1\commons-digester-2.1.jar;C:\Users\milan\.m2\repository\commons-fileupload\commons-fileupload\1.2.2\commons-fileupload-1.2.2.jar;C:\Users\milan\.m2\repository\commons-io\commons-io\2.1\commons-io-2.1.jar;C:\Users\milan\.m2\repository\commons-pool\commons-pool\1.5.6\commons-pool-1.5.6.jar;C:\Users\milan\.m2\repository\dom4j\dom4j\1.6.1\dom4j-1.6.1.jar;C:\Users\milan\.m2\repository\javassist\javassist\3.12.0.GA\javassist-3.12.0.GA.jar;C:\Users\milan\.m2\repository\javax\el\el-api\1.0\el-api-1.0.jar;C:\Users\milan\.m2\repository\javax\inject\javax.inject\1\javax.inject-1.jar;C:\Users\milan\.m2\repository\javax\servlet\servlet-api\2.5\servlet-api-2.5.jar;C:\Users\milan\.m2\repository\javax\servlet\jsp\jsp-api\2.1\jsp-api-2.1.jar;C:\Users\milan\.m2\repository\javax\servlet\jsp\jstl\jstl-api\1.2\jstl-api-1.2.jar;C:\Users\milan\.m2\repository\javax\transaction\jta\1.1\jta-1.1.jar;C:\Users\milan\.m2\repository\javax\validation\validation-api\1.0.0.GA\validation-api-1.0.0.GA-sources.jar;C:\Users\milan\.m2\repository\javax\validation\validation-api\1.0.0.GA\validation-api-1.0.0.GA.jar;C:\Users\milan\.m2\repository\joda-time\joda-time\1.6\joda-time-1.6.jar;C:\Users\milan\.m2\repository\log4j\log4j\1.2.16\log4j-1.2.16.jar;C:\Users\milan\.m2\repository\mysql\mysql-connector-java\5.1.18\mysql-connector-java-5.1.18.jar;C:\Users\milan\.m2\repository\net\sf\flexjson\flexjson\2.1\flexjson-2.1.jar;C:\Users\milan\.m2\repository\org\apache\commons\commons-lang3\3.1\commons-lang3-3.1.jar;C:\Users\milan\.m2\repository\org\aspectj\aspectjrt\1.7.0.RC1\aspectjrt-1.7.0.RC1.jar;C:\Users\milan\.m2\repository\org\aspectj\aspectjweaver\1.7.0.RC1\aspectjweaver-1.7.0.RC1.jar;C:\Users\milan\.m2\repository\org\glassfish\web\jstl-impl\1.2\jstl-impl-1.2.jar;C:\Users\milan\.m2\repository\org\hibernate\hibernate-commons-annotations\3.2.0.Final\hibernate-commons-annotations-3.2.0.Final.jar;C:\Users\milan\.m2\repository\org\hibernate\hibernate-core\3.6.9.Final\hibernate-core-3.6.9.Final.jar;C:\Users\milan\.m2\repository\org\hibernate\hibernate-entitymanager\3.6.9.Final\hibernate-entitymanager-3.6.9.Final.jar;C:\Users\milan\.m2\repository\org\hibernate\hibernate-validator\4.2.0.Final\hibernate-validator-4.2.0.Final.jar;C:\Users\milan\.m2\repository\org\hibernate\javax\persistence\hibernate-jpa-2.0-api\1.0.1.Final\hibernate-jpa-2.0-api-1.0.1.Final.jar;C:\Users\milan\.m2\repository\org\json\json\20090211\json-20090211.jar;C:\Users\milan\.m2\repository\org\slf4j\jcl-over-slf4j\1.6.4\jcl-over-slf4j-1.6.4.jar;C:\Users\milan\.m2\repository\org\slf4j\slf4j-api\1.6.4\slf4j-api-1.6.4.jar;C:\Users\milan\.m2\repository\org\slf4j\slf4j-log4j12\1.6.4\slf4j-log4j12-1.6.4.jar;C:\Users\milan\.m2\repository\org\springframework\spring-aop\3.1.1.RELEASE\spring-aop-3.1.1.RELEASE.jar;C:\Users\milan\.m2\repository\org\springframework\spring-asm\3.1.1.RELEASE\spring-asm-3.1.1.RELEASE.jar;C:\Users\milan\.m2\repository\org\springframework\spring-aspects\3.1.1.RELEASE\spring-aspects-3.1.1.RELEASE.jar;C:\Users\milan\.m2\repository\org\springframework\spring-beans\3.1.1.RELEASE\spring-beans-3.1.1.RELEASE.jar;C:\Users\milan\.m2\repository\org\springframework\spring-context\3.1.1.RELEASE\spring-context-3.1.1.RELEASE.jar;C:\Users\milan\.m2\repository\org\springframework\spring-context-support\3.1.1.RELEASE\spring-context-support-3.1.1.RELEASE.jar;C:\Users\milan\.m2\repository\org\springframework\spring-core\3.1.1.RELEASE\spring-core-3.1.1.RELEASE.jar;C:\Users\milan\.m2\repository\org\springframework\spring-expression\3.1.1.RELEASE\spring-expression-3.1.1.RELEASE.jar;C:\Users\milan\.m2\repository\org\springframework\spring-jdbc\3.1.1.RELEASE\spring-jdbc-3.1.1.RELEASE.jar;C:\Users\milan\.m2\repository\org\springframework\spring-orm\3.1.1.RELEASE\spring-orm-3.1.1.RELEASE.jar;C:\Users\milan\.m2\repository\org\springframework\spring-tx\3.1.1.RELEASE\spring-tx-3.1.1.RELEASE.jar;C:\Users\milan\.m2\repository\org\springframework\spring-web\3.1.1.RELEASE\spring-web-3.1.1.RELEASE.jar;C:\Users\milan\.m2\repository\org\springframework\spring-webmvc\3.1.1.RELEASE\spring-webmvc-3.1.1.RELEASE.jar;C:\Users\milan\.m2\repository\org\springframework\roo\org.springframework.roo.annotations\1.2.2.RELEASE\org.springframework.roo.annotations-1.2.2.RELEASE.jar;C:\Users\milan\.m2\repository\org\springframework\webflow\spring-js-resources\2.2.1.RELEASE\spring-js-resources-2.2.1.RELEASE.jar;C:\Users\milan\.m2\repository\stax\stax\1.2.0\stax-1.2.0.jar;C:\Users\milan\.m2\repository\stax\stax-api\1.0.1\stax-api-1.0.1.jar;C:\Users\milan\.m2\repository\xalan\serializer\2.7.1\serializer-2.7.1.jar;C:\Users\milan\.m2\repository\xalan\xalan\2.7.1\xalan-2.7.1.jar;C:\Users\milan\.m2\repository\xml-apis\xml-apis\1.3.04\xml-apis-1.3.04.jar;D:\D Drive Data\BME\workspace\LogBook\target\LogBook-0.1.0.BUILD-SNAPSHOT\WEB-INF\classes
-aspectpath
C:\Users\milan\.m2\repository\org\springframework\spring-aspects\3.1.1.RELEASE\spring-aspects-3.1.1.RELEASE.jar
-d
D:\D Drive Data\BME\workspace\LogBook\target\LogBook-0.1.0.BUILD-SNAPSHOT\WEB-INF\classes
D:\D Drive Data\BME\workspace\LogBook\src\main\java\logbook\client\scaffold\ioc\InjectorWrapper.java
D:\D Drive Data\BME\workspace\LogBook\src\main\java\logbook\client\managed\activity\ApplicationDetailsActivities.java
D:\D Drive Data\BME\workspace\LogBook\src\main\java\logbook\client\scaffold\place\AbstractProxyEditActivity.java
D:\D Drive Data\BME\workspace\LogBook\src\main\java\logbook\client\managed\activity\ApplicationMasterActivities.java
D:\D Drive Data\BME\workspace\LogBook\src\main\java\logbook\client\scaffold\ScaffoldMobileShell.java
D:\D Drive Data\BME\workspace\LogBook\src\main\java\logbook\server\CustomServiceLayerDecorator.java
D:\D Drive Data\BME\workspace\LogBook\src\main\java\logbook\client\managed\ui\ApplicationListPlaceRenderer_Roo_Gwt.java
D:\D Drive Data\BME\workspace\LogBook\src\main\java\logbook\client\scaffold\request\EventSourceRequestTransport.java
D:\D Drive Data\BME\workspace\LogBook\src\main\java\logbook\client\scaffold\ui\BigDecimalRenderer.java
D:\D Drive Data\BME\workspace\LogBook\src\main\java\logbook\client\managed\ui\MainClassificationMobileEditView.java
D:\D Drive Data\BME\workspace\LogBook\src\main\java\logbook\client\scaffold\ui\BigDecimalParser.java
D:\D Drive Data\BME\workspace\LogBook\src\main\java\logbook\client\scaffold\ui\FloatParser.java
D:\D Drive Data\BME\workspace\LogBook\src\main\java\logbook\client\scaffold\ui\ByteBox.java
D:\D Drive Data\BME\workspace\LogBook\src\main\java\logbook\client\managed\proxy\MainClassificationProxy.java
D:\D Drive Data\BME\workspace\LogBook\src\main\java\logbook\client\style\MobileListResources.java
D:\D Drive Data\BME\workspace\LogBook\src\main\java\logbook\client\managed\activity\MainClassificationEditActivityWrapper_Roo_Gwt.java
D:\D Drive Data\BME\workspace\LogBook\src\main\java\logbook\client\scaffold\place\ScaffoldPlaceHistoryMapper.java
D:\D Drive Data\BME\workspace\LogBook\src\main\java\logbook\client\scaffold\ui\ByteRenderer.java
D:\D Drive Data\BME\workspace\LogBook\src\main\java\logbook\client\scaffold\ioc\DesktopInjector.java
D:\D Drive Data\BME\workspace\LogBook\src\main\java\logbook\client\scaffold\place\ProxyEditView.java
D:\D Drive Data\BME\workspace\LogBook\src\main\java\logbook\client\scaffold\ui\ShortBox.java
D:\D Drive Data\BME\workspace\LogBook\src\main\java\logbook\client\managed\ui\MainClassificationDetailsView.java
D:\D Drive Data\BME\workspace\LogBook\src\main\java\logbook\client\scaffold\place\ProxyListPlace.java
D:\D Drive Data\BME\workspace\LogBook\src\main\java\logbook\client\managed\request\ApplicationRequestFactory.java
D:\D Drive Data\BME\workspace\LogBook\src\main\java\logbook\client\scaffold\place\FindAndEditProxy.java
D:\D Drive Data\BME\workspace\LogBook\src\main\java\logbook\client\scaffold\ui\BigDecimalBox.java
D:\D Drive Data\BME\workspace\LogBook\src\main\java\logbook\client\managed\ui\MainClassificationEditView.java
D:\D Drive Data\BME\workspace\LogBook\src\main\java\logbook\shared\scaffold\ScaffoldRequestFactory.java
D:\D Drive Data\BME\workspace\LogBook\src\main\java\logbook\client\scaffold\ScaffoldApp.java
D:\D Drive Data\BME\workspace\LogBook\src\main\java\logbook\client\managed\ui\MainClassificationListEditor.java
D:\D Drive Data\BME\workspace\LogBook\src\main\java\logbook\client\scaffold\Scaffold.java
D:\D Drive Data\BME\workspace\LogBook\src\main\java\logbook\client\scaffold\ui\ByteParser.java
D:\D Drive Data\BME\workspace\LogBook\src\main\java\logbook\client\managed\activity\MainClassificationDetailsActivity.java
D:\D Drive Data\BME\workspace\LogBook\src\main\java\logbook\client\scaffold\ui\MobileProxyListView.java
D:\D Drive Data\BME\workspace\LogBook\src\main\java\logbook\client\scaffold\ui\ShortRenderer.java
D:\D Drive Data\BME\workspace\LogBook\src\main\java\logbook\client\managed\activity\MainClassificationListActivity.java
D:\D Drive Data\BME\workspace\LogBook\src\main\java\logbook\client\scaffold\place\ProxyDetailsView.java
D:\D Drive Data\BME\workspace\LogBook\src\main\java\logbook\client\managed\activity\MainClassificationDetailsActivity_Roo_Gwt.java
D:\D Drive Data\BME\workspace\LogBook\src\main\java\logbook\client\scaffold\activity\IsScaffoldMobileActivity.java
D:\D Drive Data\BME\workspace\LogBook\src\main\java\logbook\server\domain\MainClassification.java
D:\D Drive Data\BME\workspace\LogBook\src\main\java\logbook\client\managed\ui\MainClassificationProxyRenderer.java
D:\D Drive Data\BME\workspace\LogBook\src\main\java\logbook\client\scaffold\ui\ShortParser.java
D:\D Drive Data\BME\workspace\LogBook\src\main\java\logbook\client\scaffold\ui\FloatRenderer.java
D:\D Drive Data\BME\workspace\LogBook\src\main\java\logbook\client\managed\ui\MainClassificationMobileListView_Roo_Gwt.java
D:\D Drive Data\BME\workspace\LogBook\src\main\java\logbook\client\managed\ui\MainClassificationSetEditor.java
D:\D Drive Data\BME\workspace\LogBook\src\main\java\logbook\client\managed\ui\MainClassificationListView.java
D:\D Drive Data\BME\workspace\LogBook\src\main\java\logbook\client\managed\request\ApplicationEntityTypesProcessor.java
D:\D Drive Data\BME\workspace\LogBook\src\main\java\logbook\client\managed\ui\MainClassificationSetEditor_Roo_Gwt.java
D:\D Drive Data\BME\workspace\LogBook\src\main\java\logbook\client\managed\activity\MainClassificationActivitiesMapper_Roo_Gwt.java
D:\D Drive Data\BME\workspace\LogBook\src\main\java\logbook\client\scaffold\gae\GaeHelper.java
D:\D Drive Data\BME\workspace\LogBook\src\main\java\logbook\client\scaffold\ui\CollectionRenderer.java
D:\D Drive Data\BME\workspace\LogBook\src\main\java\logbook\client\scaffold\place\AbstractProxyListActivity.java
D:\D Drive Data\BME\workspace\LogBook\src\main\java\logbook\server\domain\MainClassification_Roo_JavaBean.aj
D:\D Drive Data\BME\workspace\LogBook\src\main\java\logbook\server\domain\MainClassification_Roo_Jpa_ActiveRecord.aj
D:\D Drive Data\BME\workspace\LogBook\src\main\java\logbook\client\managed\ui\MainClassificationMobileEditView_Roo_Gwt.java
D:\D Drive Data\BME\workspace\LogBook\src\main\java\logbook\client\managed\activity\MainClassificationEditActivityWrapper.java
D:\D Drive Data\BME\workspace\LogBook\src\main\java\logbook\client\scaffold\ui\LoginWidget.java
D:\D Drive Data\BME\workspace\LogBook\src\main\java\logbook\client\scaffold\ui\FloatBox.java
D:\D Drive Data\BME\workspace\LogBook\src\main\java\logbook\client\managed\ui\MainClassificationEditView_Roo_Gwt.java
D:\D Drive Data\BME\workspace\LogBook\src\main\java\logbook\client\scaffold\ScaffoldDesktopApp.java
D:\D Drive Data\BME\workspace\LogBook\src\main\java\logbook\client\scaffold\ScaffoldMobileApp.java
D:\D Drive Data\BME\workspace\LogBook\src\main\java\logbook\client\managed\ui\MainClassificationMobileDetailsView.java
D:\D Drive Data\BME\workspace\LogBook\src\main\java\logbook\client\managed\request\MainClassificationRequest.java
D:\D Drive Data\BME\workspace\LogBook\src\main\java\logbook\client\managed\activity\ScaffoldMobileActivities.java
D:\D Drive Data\BME\workspace\LogBook\src\main\java\logbook\client\managed\activity\MainClassificationListActivity_Roo_Gwt.java
D:\D Drive Data\BME\workspace\LogBook\src\main\java\logbook\client\managed\ui\MainClassificationDetailsView_Roo_Gwt.java
D:\D Drive Data\BME\workspace\LogBook\src\main\java\logbook\client\scaffold\request\RequestEvent.java
D:\D Drive Data\BME\workspace\LogBook\src\main\java\logbook\client\scaffold\ioc\MobileInjector.java
D:\D Drive Data\BME\workspace\LogBook\src\main\java\logbook\server\domain\MainClassification_Roo_Configurable.aj
D:\D Drive Data\BME\workspace\LogBook\src\main\java\logbook\client\scaffold\ScaffoldDesktopShell.java
D:\D Drive Data\BME\workspace\LogBook\src\main\java\logbook\client\managed\activity\MainClassificationActivitiesMapper.java
D:\D Drive Data\BME\workspace\LogBook\src\main\java\logbook\client\managed\ui\ApplicationListPlaceRenderer.java
D:\D Drive Data\BME\workspace\LogBook\src\main\java\logbook\client\scaffold\place\CreateAndEditProxy.java
D:\D Drive Data\BME\workspace\LogBook\src\main\java\logbook\client\scaffold\place\ProxyPlaceToListPlace.java
D:\D Drive Data\BME\workspace\LogBook\src\main\java\logbook\client\scaffold\ui\CharParser.java
D:\D Drive Data\BME\workspace\LogBook\src\main\java\logbook\client\managed\ui\MainClassificationMobileDetailsView_Roo_Gwt.java
D:\D Drive Data\BME\workspace\LogBook\src\main\java\logbook\client\scaffold\place\CollectionRenderer.java
D:\D Drive Data\BME\workspace\LogBook\src\main\java\logbook\client\scaffold\ioc\ScaffoldInjector.java
D:\D Drive Data\BME\workspace\LogBook\src\main\java\logbook\server\domain\MainClassification_Roo_ToString.aj
D:\D Drive Data\BME\workspace\LogBook\src\main\java\logbook\client\scaffold\place\ProxyListView.java
D:\D Drive Data\BME\workspace\LogBook\src\main\java\logbook\client\scaffold\place\ProxyListPlacePicker.java
D:\D Drive Data\BME\workspace\LogBook\src\main\java\logbook\client\managed\activity\ApplicationDetailsActivities_Roo_Gwt.java
D:\D Drive Data\BME\workspace\LogBook\src\main\java\logbook\client\managed\ui\MainClassificationMobileListView.java
D:\D Drive Data\BME\workspace\LogBook\src\main\java\logbook\server\locator\MainClassificationLocator.java
D:\D Drive Data\BME\workspace\LogBook\src\main\java\logbook\client\scaffold\ioc\MobileInjectorWrapper.java
D:\D Drive Data\BME\workspace\LogBook\src\main\java\logbook\client\managed\activity\ApplicationMasterActivities_Roo_Gwt.java
D:\D Drive Data\BME\workspace\LogBook\src\main\java\logbook\client\scaffold\place\PlaceHistoryFactory.java
D:\D Drive Data\BME\workspace\LogBook\src\main\java\logbook\client\scaffold\place\ProxyPlace.java
D:\D Drive Data\BME\workspace\LogBook\src\main\java\logbook\server\domain\MainClassification_Roo_Jpa_Entity.aj
D:\D Drive Data\BME\workspace\LogBook\src\main\java\logbook\client\scaffold\place\AbstractProxyListView.java
D:\D Drive Data\BME\workspace\LogBook\src\main\java\logbook\client\managed\ui\MainClassificationListEditor_Roo_Gwt.java
D:\D Drive Data\BME\workspace\LogBook\src\main\java\logbook\client\scaffold\ui\CharRenderer.java
D:\D Drive Data\BME\workspace\LogBook\src\main\java\logbook\client\scaffold\ioc\DesktopInjectorWrapper.java
D:\D Drive Data\BME\workspace\LogBook\src\main\java\logbook\client\scaffold\ioc\ScaffoldModule.java
D:\D Drive Data\BME\workspace\LogBook\src\main\java\logbook\server\locator\GwtServiceLocator.java
D:\D Drive Data\BME\workspace\LogBook\src\main\java\logbook\client\managed\ui\MainClassificationListView_Roo_Gwt.java
D:\D Drive Data\BME\workspace\LogBook\src\main\java\logbook\server\CustomRequestFactoryServlet.java
D:\D Drive Data\BME\workspace\LogBook\src\main\java\logbook\client\scaffold\ui\CharBox.java
